{"numFailedTestSuites":2,"numFailedTests":1,"numPassedTestSuites":3,"numPassedTests":37,"numPendingTestSuites":0,"numPendingTests":0,"numRuntimeErrorTestSuites":1,"numTodoTests":0,"numTotalTestSuites":5,"numTotalTests":38,"openHandles":[],"snapshot":{"added":0,"didUpdate":false,"failure":false,"filesAdded":0,"filesRemoved":0,"filesRemovedList":[],"filesUnmatched":0,"filesUpdated":0,"matched":0,"total":0,"unchecked":0,"uncheckedKeysByFile":[],"unmatched":0,"updated":0},"startTime":1745494030595,"success":false,"testResults":[{"assertionResults":[],"coverage":{},"endTime":1745494045474,"message":"  \u001b[1m● \u001b[22mTest suite failed to run\n\n    REACT_APP_API_URL environment variable not set for tests.\n\n    \u001b[0m \u001b[90m 11 |\u001b[39m \u001b[90m// Add a check to ensure the environment variable is set during tests\u001b[39m\n     \u001b[90m 12 |\u001b[39m \u001b[36mif\u001b[39m (\u001b[33m!\u001b[39m\u001b[33mAPI_URL\u001b[39m) {\n    \u001b[31m\u001b[1m>\u001b[22m\u001b[39m\u001b[90m 13 |\u001b[39m   \u001b[36mthrow\u001b[39m \u001b[36mnew\u001b[39m \u001b[33mError\u001b[39m(\u001b[32m\"REACT_APP_API_URL environment variable not set for tests.\"\u001b[39m)\u001b[33m;\u001b[39m\n     \u001b[90m    |\u001b[39m         \u001b[31m\u001b[1m^\u001b[22m\u001b[39m\n     \u001b[90m 14 |\u001b[39m }\n     \u001b[90m 15 |\u001b[39m\n     \u001b[90m 16 |\u001b[39m describe(\u001b[32m'Tranzacții și venituri recurente'\u001b[39m\u001b[33m,\u001b[39m () \u001b[33m=>\u001b[39m {\u001b[0m\n\n      \u001b[2mat Object.<anonymous> (\u001b[22m\u001b[0m\u001b[36msrc/App.recur.test.tsx\u001b[39m\u001b[0m\u001b[2m:13:9)\u001b[22m\n","name":"C:\\Users\\abere\\CascadeProjects\\budget-app\\frontend\\src\\App.recur.test.tsx","startTime":1745494045474,"status":"failed","summary":""},{"assertionResults":[{"ancestorTitles":["TransactionTable"],"duration":73,"failureDetails":[],"failureMessages":[],"fullName":"TransactionTable renders table headers","invocations":1,"location":null,"numPassingAsserts":8,"retryReasons":[],"status":"passed","title":"renders table headers"},{"ancestorTitles":["TransactionTable"],"duration":30,"failureDetails":[],"failureMessages":[],"fullName":"TransactionTable renders all transaction rows and fields","invocations":1,"location":null,"numPassingAsserts":14,"retryReasons":[],"status":"passed","title":"renders all transaction rows and fields"},{"ancestorTitles":["TransactionTable"],"duration":22,"failureDetails":[],"failureMessages":[],"fullName":"TransactionTable shows loading state","invocations":1,"location":null,"numPassingAsserts":1,"retryReasons":[],"status":"passed","title":"shows loading state"},{"ancestorTitles":["TransactionTable"],"duration":6,"failureDetails":[],"failureMessages":[],"fullName":"TransactionTable shows empty state","invocations":1,"location":null,"numPassingAsserts":1,"retryReasons":[],"status":"passed","title":"shows empty state"},{"ancestorTitles":["TransactionTable"],"duration":65,"failureDetails":[],"failureMessages":[],"fullName":"TransactionTable handles missing/undefined optional fields gracefully","invocations":1,"location":null,"numPassingAsserts":4,"retryReasons":[],"status":"passed","title":"handles missing/undefined optional fields gracefully"},{"ancestorTitles":["TransactionTable"],"duration":47,"failureDetails":[],"failureMessages":[],"fullName":"TransactionTable calls onPageChange when pagination buttons are clicked","invocations":1,"location":null,"numPassingAsserts":2,"retryReasons":[],"status":"passed","title":"calls onPageChange when pagination buttons are clicked"},{"ancestorTitles":["TransactionTable"],"duration":33,"failureDetails":[],"failureMessages":[],"fullName":"TransactionTable disables pagination buttons at edges","invocations":1,"location":null,"numPassingAsserts":2,"retryReasons":[],"status":"passed","title":"disables pagination buttons at edges"}],"endTime":1745494036817,"message":"","name":"C:\\Users\\abere\\CascadeProjects\\budget-app\\frontend\\src\\components\\TransactionTable\\TransactionTable.test.tsx","startTime":1745494034220,"status":"passed","summary":""},{"assertionResults":[{"ancestorTitles":["TransactionFilters"],"duration":144,"failureDetails":[],"failureMessages":[],"fullName":"TransactionFilters afișează opțiunile de tip și categorie și permite selectarea","invocations":1,"location":null,"numPassingAsserts":4,"retryReasons":[],"status":"passed","title":"afișează opțiunile de tip și categorie și permite selectarea"}],"endTime":1745494037273,"message":"","name":"C:\\Users\\abere\\CascadeProjects\\budget-app\\frontend\\src\\components\\TransactionFilters\\TransactionFilters.test.tsx","startTime":1745494034588,"status":"passed","summary":""},{"assertionResults":[{"ancestorTitles":["App"],"duration":200,"failureDetails":[],"failureMessages":[],"fullName":"App renderizează titlul aplicației","invocations":1,"location":null,"numPassingAsserts":1,"retryReasons":[],"status":"passed","title":"renderizează titlul aplicației"},{"ancestorTitles":["App"],"duration":71,"failureDetails":[],"failureMessages":[],"fullName":"App afișează formularul de adăugare tranzacție cu toate inputurile","invocations":1,"location":null,"numPassingAsserts":7,"retryReasons":[],"status":"passed","title":"afișează formularul de adăugare tranzacție cu toate inputurile"},{"ancestorTitles":["App"],"duration":116,"failureDetails":[],"failureMessages":[],"fullName":"App afișează tranzacția inițială în tabel","invocations":1,"location":null,"numPassingAsserts":4,"retryReasons":[],"status":"passed","title":"afișează tranzacția inițială în tabel"},{"ancestorTitles":["App"],"duration":58,"failureDetails":[],"failureMessages":[],"fullName":"App nu permite submit dacă lipsesc câmpuri obligatorii","invocations":1,"location":null,"numPassingAsserts":2,"retryReasons":[],"status":"passed","title":"nu permite submit dacă lipsesc câmpuri obligatorii"},{"ancestorTitles":["App"],"duration":252,"failureDetails":[],"failureMessages":[],"fullName":"App poți completa și trimite formularul, iar tranzacția apare în tabel","invocations":1,"location":null,"numPassingAsserts":13,"retryReasons":[],"status":"passed","title":"poți completa și trimite formularul, iar tranzacția apare în tabel"},{"ancestorTitles":["App"],"duration":104,"failureDetails":[],"failureMessages":[],"fullName":"App resetează formularul după submit reușit","invocations":1,"location":null,"numPassingAsserts":10,"retryReasons":[],"status":"passed","title":"resetează formularul după submit reușit"},{"ancestorTitles":["App"],"duration":195,"failureDetails":[],"failureMessages":[],"fullName":"App afișează mesaj de succes sau eroare la submit","invocations":1,"location":null,"numPassingAsserts":6,"retryReasons":[],"status":"passed","title":"afișează mesaj de succes sau eroare la submit"},{"ancestorTitles":["App"],"duration":1060,"failureDetails":[{"name":"TestingLibraryElementError"}],"failureMessages":["Error: Unable to find an element with the text: Selectează frecvența pentru tranzacție recurentă. This could be because the text is broken up by multiple elements. In this case, you can provide a function for your text matcher to make your matcher more flexible.\n\nIgnored nodes: comments, script, style\n\u001b[36m<body>\u001b[39m\n  \u001b[36m<div>\u001b[39m\n    \u001b[36m<div\u001b[39m\n      \u001b[33mstyle\u001b[39m=\u001b[32m\"max-width: 900px; margin: 2rem auto; font-family: sans-serif;\"\u001b[39m\n    \u001b[36m>\u001b[39m\n      \u001b[36m<h1>\u001b[39m\n        \u001b[0mTranzacții\u001b[0m\n      \u001b[36m</h1>\u001b[39m\n      \u001b[36m<form\u001b[39m\n        \u001b[33maria-label\u001b[39m=\u001b[32m\"adăugare tranzacție\"\u001b[39m\n        \u001b[33mrole\u001b[39m=\u001b[32m\"form\"\u001b[39m\n        \u001b[33mstyle\u001b[39m=\u001b[32m\"display: flex; gap: 12px; flex-wrap: wrap; margin-bottom: 24px; align-items: flex-end;\"\u001b[39m\n      \u001b[36m>\u001b[39m\n        \u001b[36m<label>\u001b[39m\n          \u001b[0mTip\u001b[0m\n          \u001b[0m*:\u001b[0m\n          \u001b[36m<select\u001b[39m\n            \u001b[33maria-label\u001b[39m=\u001b[32m\"Tip\"\u001b[39m\n            \u001b[33mname\u001b[39m=\u001b[32m\"type\"\u001b[39m\n          \u001b[36m>\u001b[39m\n            \u001b[36m<option\u001b[39m\n              \u001b[33mvalue\u001b[39m=\u001b[32m\"income\"\u001b[39m\n            \u001b[36m>\u001b[39m\n              \u001b[0mVenit\u001b[0m\n            \u001b[36m</option>\u001b[39m\n            \u001b[36m<option\u001b[39m\n              \u001b[33mvalue\u001b[39m=\u001b[32m\"expense\"\u001b[39m\n            \u001b[36m>\u001b[39m\n              \u001b[0mCheltuială\u001b[0m\n            \u001b[36m</option>\u001b[39m\n            \u001b[36m<option\u001b[39m\n              \u001b[33mvalue\u001b[39m=\u001b[32m\"saving\"\u001b[39m\n            \u001b[36m>\u001b[39m\n              \u001b[0mEconomisire\u001b[0m\n            \u001b[36m</option>\u001b[39m\n          \u001b[36m</select>\u001b[39m\n        \u001b[36m</label>\u001b[39m\n        \u001b[36m<label>\u001b[39m\n          \u001b[0mSumă\u001b[0m\n          \u001b[0m*:\u001b[0m\n          \u001b[36m<input\u001b[39m\n            \u001b[33maria-label\u001b[39m=\u001b[32m\"Sumă\"\u001b[39m\n            \u001b[33mname\u001b[39m=\u001b[32m\"amount\"\u001b[39m\n            \u001b[33mplaceholder\u001b[39m=\u001b[32m\"Introdu suma\"\u001b[39m\n            \u001b[33mtype\u001b[39m=\u001b[32m\"number\"\u001b[39m\n            \u001b[33mvalue\u001b[39m=\u001b[32m\"\"\u001b[39m\n          \u001b[36m/>\u001b[39m\n        \u001b[36m</label>\u001b[39m\n        \u001b[36m<label>\u001b[39m\n          \u001b[0mCategorie\u001b[0m\n          \u001b[0m*:\u001b[0m\n          \u001b[36m<select\u001b[39m\n            \u001b[33maria-label\u001b[39m=\u001b[32m\"Categorie\"\u001b[39m\n            \u001b[33mname\u001b[39m=\u001b[32m\"category\"\u001b[39m\n          \u001b[36m>\u001b[39m\n            \u001b[36m<option\u001b[39m\n              \u001b[33mvalue\u001b[39m=\u001b[32m\"\"\u001b[39m\n            \u001b[36m>\u001b[39m\n              \u001b[0mAlege\u001b[0m\n            \u001b[36m</option>\u001b[39m\n            \u001b[36m<option\u001b[39m\n              \u001b[33mvalue\u001b[39m=\u001b[32m\"CHELTUIELI\"\u001b[39m\n            \u001b[36m>\u001b[39m\n              \u001b[0mCHELTUIELI\u001b[0m\n            \u001b[36m</option>\u001b[39m\n          \u001b[36m</select>\u001b[39m\n        \u001b[36m</label>\u001b[39m\n        \u001b[36m<label>\u001b[39m\n          \u001b[0mSubcategorie\u001b[0m\n          \u001b[0m:\u001b[0m\n          \u001b[36m<select\u001b[39m\n            \u001b[33maria-label\u001b[39m=\u001b[32m\"Subcategorie\"\u001b[39m\n            \u001b[33mdisabled\u001b[39m=\u001b[32m\"\"\u001b[39m\n            \u001b[33mname\u001b[39m=\u001b[32m\"subcategory\"\u001b[39m\n          \u001b[36m>\u001b[39m\n            \u001b[36m<option\u001b[39m\n              \u001b[33mvalue\u001b[39m=\u001b[32m\"\"\u001b[39m\n            \u001b[36m>\u001b[39m\n              \u001b[0mAlege\u001b[0m\n            \u001b[36m</option>\u001b[39m\n          \u001b[36m</select>\u001b[39m\n        \u001b[36m</label>\u001b[39m\n        \u001b[36m<label>\u001b[39m\n          \u001b[0mDată\u001b[0m\n          \u001b[0m*:\u001b[0m\n          \u001b[36m<input\u001b[39m\n            \u001b[33maria-label\u001b[39m=\u001b[32m\"Dată\"\u001b[39m\n            \u001b[33mname\u001b[39m=\u001b[32m\"date\"\u001b[39m\n            \u001b[33mplaceholder\u001b[39m=\u001b[32m\"Selectează data\"\u001b[39m\n            \u001b[33mtype\u001b[39m=\u001b[32m\"date\"\u001b[39m\n            \u001b[33mvalue\u001b[39m=\u001b[32m\"\"\u001b[39m\n          \u001b[36m/>\u001b[39m\n        \u001b[36m</label>\u001b[39m\n        \u001b[36m<label>\u001b[39m\n          \u001b[36m<input\u001b[39m\n            \u001b[33maria-label\u001b[39m=\u001b[32m\"Recurent\"\u001b[39m\n            \u001b[33mname\u001b[39m=\u001b[32m\"recurring\"\u001b[39m\n            \u001b[33mtype\u001b[39m=\u001b[32m\"checkbox\"\u001b[39m\n          \u001b[36m/>\u001b[39m\n          \u001b[0m \u001b[0m\n          \u001b[0mRecurent\u001b[0m\n          \u001b[0m?\u001b[0m\n        \u001b[36m</label>\u001b[39m\n        \u001b[36m<label>\u001b[39m\n          \u001b[0mFrecvență\u001b[0m\n          \u001b[0m:\u001b[0m\n          \u001b[36m<select\u001b[39m\n            \u001b[33maria-label\u001b[39m=\u001b[32m\"Frecvență\"\u001b[39m\n            \u001b[33mdisabled\u001b[39m=\u001b[32m\"\"\u001b[39m\n            \u001b[33mname\u001b[39m=\u001b[32m\"frequency\"\u001b[39m\n          \u001b[36m>\u001b[39m\n            \u001b[36m<option\u001b[39m\n              \u001b[33mvalue\u001b[39m=\u001b[32m\"\"\u001b[39m\n            \u001b[36m>\u001b[39m\n              \u001b[0mAlege\u001b[0m\n            \u001b[36m</option>\u001b[39m\n            \u001b[36m<option\u001b[39m\n              \u001b[33mvalue\u001b[39m=\u001b[32m\"zilnic\"\u001b[39m\n            \u001b[36m>\u001b[39m\n              \u001b[0mZilnic\u001b[0m\n            \u001b[36m</option>\u001b[39m\n            \u001b[36m<option\u001b[39m\n              \u001b[33mvalue\u001b[39m=\u001b[32m\"săptămânal\"\u001b[39m\n            \u001b[36m>\u001b[39m\n              \u001b[0mSăptămânal\u001b[0m\n            \u001b[36m</option>\u001b[39m\n            \u001b[36m<option\u001b[39m\n              \u001b[33mvalue\u001b[39m=\u001b[32m\"lunar\"\u001b[39m\n            \u001b[36m>\u001b[39m\n              \u001b[0mLunar\u001b[0m\n            \u001b[36m</option>\u001b[39m\n            \u001b[36m<option\u001b[39m\n              \u001b[33mvalue\u001b[39m=\u001b[32m\"anual\"\u001b[39m\n            \u001b[36m>\u001b[39m\n              \u001b[0mAnual\u001b[0m\n            \u001b[36m</option>\u001b[39m\n          \u001b[36m</select>\u001b[39m\n        \u001b[36m</label>\u001b[39m\n        \u001b[36m<button\u001b[39m\n          \u001b[33mtype\u001b[39m=\u001b[32m\"submit\"\u001b[39m\n        \u001b[36m>\u001b[39m\n          \u001b[0mAdaugă\u001b[0m\n        \u001b[36m</button>\u001b[39m\n        \u001b[36m<span\u001b[39m\n          \u001b[33mdata-testid\u001b[39m=\u001b[32m\"error-message\"\u001b[39m\n          \u001b[33mstyle\u001b[39m=\u001b[32m\"color: red; display: block; margin-top: 8px;\"\u001b[39m\n        \u001b[36m>\u001b[39m\n          \u001b[0mCompletează toate câmpurile obligatorii\u001b[0m\n        \u001b[36m</span>\u001b[39m\n      \u001b[36m</form>\u001b[39m\n      \u001b[36m<div\u001b[39m\n        \u001b[33mstyle\u001b[39m=\u001b[32m\"display: flex; gap: 1rem; margin-bottom: 1rem;\"\u001b[39m\n      \u001b[36m>\u001b[39m\n        \u001b[36m<label>\u001b[39m\n          \u001b[0mTip tranzacție:\u001b[0m\n          \u001b[36m<select>\u001b[39m\n            \u001b[36m<option\u001b[39m\n              \u001b[33mvalue\u001b[39m=\u001b[32m\"\"\u001b[39m\n            \u001b[36m>\u001b[39m\n              \u001b[0mAlege\u001b[0m\n              \u001b[0m tipul\u001b[0m\n            \u001b[36m</option>\u001b[39m\n            \u001b[36m<option\u001b[39m\n              \u001b[33mvalue\u001b[39m=\u001b[32m\"income\"\u001b[39m\n            \u001b[36m>\u001b[39m\n              \u001b[0mVenit\u001b[0m\n            \u001b[36m</option>\u001b[39m\n            \u001b[36m<option\u001b[39m\n              \u001b[33mvalue\u001b[39m=\u001b[32m\"expense\"\u001b[39m\n            \u001b[36m>\u001b[39m\n              \u001b[0mCheltuială\u001b[0m\n            \u001b[36m</option>\u001b[39m\n            \u001b[36m<option\u001b[39m\n              \u001b[33mvalue\u001b[39m=\u001b[32m\"saving\"\u001b[39m\n            \u001b[36m>\u001b[39m\n              \u001b[0mEconomisire\u001b[0m\n            \u001b[36m</option>\u001b[39m\n          \u001b[36m</select>\u001b[39m\n        \u001b[36m</label>\u001b[39m\n        \u001b[36m<label>\u001b[39m\n          \u001b[0mCategoria:\u001b[0m\n          \u001b[36m<select>\u001b[39m\n            \u001b[36m<option\u001b[39m\n              \u001b[33mvalue\u001b[39m=\u001b[32m\"\"\u001b[39m\n            \u001b[36m>\u001b[39m\n              \u001b[0mAlege\u001b[0m\n              \u001b[0m categoria\u001b[0m\n            \u001b[36m</option>\u001b[39m\n            \u001b[36m<option\u001b[39m\n              \u001b[33mvalue\u001b[39m=\u001b[32m\"VENITURI\"\u001b[39m\n            \u001b[36m>\u001b[39m\n              \u001b[0mVenituri\u001b[0m\n            \u001b[36m</option>\u001b[39m\n            \u001b[36m<option\u001b[39m\n              \u001b[33mvalue\u001b[39m=\u001b[32m\"CHELTUIELI\"\u001b[39m\n            \u001b[36m>\u001b[39m\n              \u001b[0mCheltuieli\u001b[0m\n            \u001b[36m</option>\u001b[39m\n            \u001b[36m<option\u001b[39m\n              \u001b[33mvalue\u001b[39m=\u001b[32m\"ECONOMII\"\u001b[39m\n            \u001b[36m>\u001b[39m\n              \u001b[0mEconomii\u001b[0m\n            \u001b[36m</option>\u001b[39m\n          \u001b[36m</select>\u001b[39m\n        \u001b[36m</label>\u001b[39m\n      \u001b[36m</div>\u001b[39m\n      \u001b[36m<div\u001b[39m\n        \u001b[33mstyle\u001b[39m=\u001b[32m\"margin-top: 24px;\"\u001b[39m\n      \u001b[36m>\u001b[39m\n        \u001b[36m<table\u001b[39m\n          \u001b[33mstyle\u001b[39m=\u001b[32m\"width: 100%; border-collapse: collapse;\"\u001b[39m\n        \u001b[36m>\u001b[39m\n          \u001b[36m<thead>\u001b[39m\n            \u001b[36m<tr>\u001b[39m\n              \u001b[36m<th>\u001b[39m\n                \u001b[0mTip\u001b[0m\n              \u001b[36m</th>\u001b[39m\n              \u001b[36m<th>\u001b[39m\n                \u001b[0mSumă\u001b[0m\n              \u001b[36m</th>\u001b[39m\n              \u001b[36m<th>\u001b[39m\n                \u001b[0mMonedă\u001b[0m\n              \u001b[36m</th>\u001b[39m\n              \u001b[36m<th>\u001b[39m\n                \u001b[0mCategorie\u001b[0m\n              \u001b[36m</th>\u001b[39m\n              \u001b[36m<th>\u001b[39m\n                \u001b[0mSubcategorie\u001b[0m\n              \u001b[36m</th>\u001b[39m\n              \u001b[36m<th>\u001b[39m\n                \u001b[0mDată\u001b[0m\n              \u001b[36m</th>\u001b[39m\n              \u001b[36m<th>\u001b[39m\n                \u001b[0mRecurent\u001b[0m\n              \u001b[36m</th>\u001b[39m\n              \u001b[36m<th>\u001b[39m\n                \u001b[0mFrecvență\u001b[0m\n              \u001b[36m</th>\u001b[39m\n            \u001b[36m</tr>\u001b[39m\n          \u001b[36m</thead>\u001b[39m\n          \u001b[36m<tbody>\u001b[39m\n            \u001b[36m<tr>\u001b[39m\n              \u001b[36m<td>\u001b[39m\n                \u001b[0mincome\u001b[0m\n              \u001b[36m</td>\u001b[39m\n              \u001b[36m<td>\u001b[39m\n                \u001b[0m100\u001b[0m\n              \u001b[36m</td>\u001b[39m\n              \u001b[36m<td>\u001b[39m\n                \u001b[0mRON\u001b[0m\n              \u001b[36m</td>\u001b[39m\n              \u001b[36m<td>\u001b[39m\n                \u001b[0mVENITURI\u001b[0m\n              \u001b[36m</td>\u001b[39m\n              \u001b[36m<td />\u001b[39m\n              \u001b[36m<td>\u001b[39m\n                \u001b[0m2025-04-22\u001b[0m\n              \u001b[36m</td>\u001b[39m\n              \u001b[36m<td>\u001b[39m\n                \u001b[0mNu\u001b[0m\n              \u001b[36m</td>\u001b[39m\n              \u001b[36m<td />\u001b[39m\n            \u001b[36m</tr>\u001b[39m\n          \u001b[36m</tbody>\u001b[39m\n        \u001b[36m</table>\u001b[39m\n        \u001b[36m<div\u001b[39m\n          \u001b[33mstyle\u001b[39m=\u001b[32m\"margin-top: 16px; display: flex; gap: 8px; align-items: center;\"\u001b[39m\n        \u001b[36m>\u001b[39m\n          \u001b[36m<button\u001b[39m\n            \u001b[33mdisabled\u001b[39m=\u001b[32m\"\"\u001b[39m\n          \u001b[36m>\u001b[39m\n            \u001b[0mÎnapoi\u001b[0m\n          \u001b[36m</button>\u001b[39m\n          \u001b[36m<span>\u001b[39m\n            \u001b[0mPagina 1 din 1\u001b[0m\n          \u001b[36m</span>\u001b[39m\n          \u001b[36m<button\u001b[39m\n            \u001b[33mdisabled\u001b[39m=\u001b[32m\"\"\u001b[39m\n          \u001b[36m>\u001b[39m\n            \u001b[0mÎnainte\u001b[0m\n          \u001b[36m</button>\u001b[39m\n        \u001b[36m</div>\u001b[39m\n      \u001b[36m</div>\u001b[39m\n    \u001b[36m</div>\u001b[39m\n  \u001b[36m</div>\u001b[39m\n\u001b[36m</body>\u001b[39m\n    at waitForWrapper (C:\\Users\\abere\\CascadeProjects\\budget-app\\node_modules\\@testing-library\\dom\\dist\\wait-for.js:163:27)\n    at Object.<anonymous> (C:\\Users\\abere\\CascadeProjects\\budget-app\\frontend\\src\\App.test.tsx:352:18)\n    at runNextTicks (node:internal/process/task_queues:65:5)\n    at listOnTimeout (node:internal/timers:555:9)\n    at processTimers (node:internal/timers:529:7)"],"fullName":"App nu permite submit dacă e recurent dar nu are frecvență","invocations":1,"location":null,"numPassingAsserts":1,"retryReasons":[],"status":"failed","title":"nu permite submit dacă e recurent dar nu are frecvență"}],"endTime":1745494038554,"message":"\u001b[1m\u001b[31m  \u001b[1m● \u001b[22m\u001b[1mApp › nu permite submit dacă e recurent dar nu are frecvență\u001b[39m\u001b[22m\n\n    Unable to find an element with the text: Selectează frecvența pentru tranzacție recurentă. This could be because the text is broken up by multiple elements. In this case, you can provide a function for your text matcher to make your matcher more flexible.\n\n    Ignored nodes: comments, script, style\n    \u001b[36m<body>\u001b[39m\n      \u001b[36m<div>\u001b[39m\n        \u001b[36m<div\u001b[39m\n          \u001b[33mstyle\u001b[39m=\u001b[32m\"max-width: 900px; margin: 2rem auto; font-family: sans-serif;\"\u001b[39m\n        \u001b[36m>\u001b[39m\n          \u001b[36m<h1>\u001b[39m\n            \u001b[0mTranzacții\u001b[0m\n          \u001b[36m</h1>\u001b[39m\n          \u001b[36m<form\u001b[39m\n            \u001b[33maria-label\u001b[39m=\u001b[32m\"adăugare tranzacție\"\u001b[39m\n            \u001b[33mrole\u001b[39m=\u001b[32m\"form\"\u001b[39m\n            \u001b[33mstyle\u001b[39m=\u001b[32m\"display: flex; gap: 12px; flex-wrap: wrap; margin-bottom: 24px; align-items: flex-end;\"\u001b[39m\n          \u001b[36m>\u001b[39m\n            \u001b[36m<label>\u001b[39m\n              \u001b[0mTip\u001b[0m\n              \u001b[0m*:\u001b[0m\n              \u001b[36m<select\u001b[39m\n                \u001b[33maria-label\u001b[39m=\u001b[32m\"Tip\"\u001b[39m\n                \u001b[33mname\u001b[39m=\u001b[32m\"type\"\u001b[39m\n              \u001b[36m>\u001b[39m\n                \u001b[36m<option\u001b[39m\n                  \u001b[33mvalue\u001b[39m=\u001b[32m\"income\"\u001b[39m\n                \u001b[36m>\u001b[39m\n                  \u001b[0mVenit\u001b[0m\n                \u001b[36m</option>\u001b[39m\n                \u001b[36m<option\u001b[39m\n                  \u001b[33mvalue\u001b[39m=\u001b[32m\"expense\"\u001b[39m\n                \u001b[36m>\u001b[39m\n                  \u001b[0mCheltuială\u001b[0m\n                \u001b[36m</option>\u001b[39m\n                \u001b[36m<option\u001b[39m\n                  \u001b[33mvalue\u001b[39m=\u001b[32m\"saving\"\u001b[39m\n                \u001b[36m>\u001b[39m\n                  \u001b[0mEconomisire\u001b[0m\n                \u001b[36m</option>\u001b[39m\n              \u001b[36m</select>\u001b[39m\n            \u001b[36m</label>\u001b[39m\n            \u001b[36m<label>\u001b[39m\n              \u001b[0mSumă\u001b[0m\n              \u001b[0m*:\u001b[0m\n              \u001b[36m<input\u001b[39m\n                \u001b[33maria-label\u001b[39m=\u001b[32m\"Sumă\"\u001b[39m\n                \u001b[33mname\u001b[39m=\u001b[32m\"amount\"\u001b[39m\n                \u001b[33mplaceholder\u001b[39m=\u001b[32m\"Introdu suma\"\u001b[39m\n                \u001b[33mtype\u001b[39m=\u001b[32m\"number\"\u001b[39m\n                \u001b[33mvalue\u001b[39m=\u001b[32m\"\"\u001b[39m\n              \u001b[36m/>\u001b[39m\n            \u001b[36m</label>\u001b[39m\n            \u001b[36m<label>\u001b[39m\n              \u001b[0mCategorie\u001b[0m\n              \u001b[0m*:\u001b[0m\n              \u001b[36m<select\u001b[39m\n                \u001b[33maria-label\u001b[39m=\u001b[32m\"Categorie\"\u001b[39m\n                \u001b[33mname\u001b[39m=\u001b[32m\"category\"\u001b[39m\n              \u001b[36m>\u001b[39m\n                \u001b[36m<option\u001b[39m\n                  \u001b[33mvalue\u001b[39m=\u001b[32m\"\"\u001b[39m\n                \u001b[36m>\u001b[39m\n                  \u001b[0mAlege\u001b[0m\n                \u001b[36m</option>\u001b[39m\n                \u001b[36m<option\u001b[39m\n                  \u001b[33mvalue\u001b[39m=\u001b[32m\"CHELTUIELI\"\u001b[39m\n                \u001b[36m>\u001b[39m\n                  \u001b[0mCHELTUIELI\u001b[0m\n                \u001b[36m</option>\u001b[39m\n              \u001b[36m</select>\u001b[39m\n            \u001b[36m</label>\u001b[39m\n            \u001b[36m<label>\u001b[39m\n              \u001b[0mSubcategorie\u001b[0m\n              \u001b[0m:\u001b[0m\n              \u001b[36m<select\u001b[39m\n                \u001b[33maria-label\u001b[39m=\u001b[32m\"Subcategorie\"\u001b[39m\n                \u001b[33mdisabled\u001b[39m=\u001b[32m\"\"\u001b[39m\n                \u001b[33mname\u001b[39m=\u001b[32m\"subcategory\"\u001b[39m\n              \u001b[36m>\u001b[39m\n                \u001b[36m<option\u001b[39m\n                  \u001b[33mvalue\u001b[39m=\u001b[32m\"\"\u001b[39m\n                \u001b[36m>\u001b[39m\n                  \u001b[0mAlege\u001b[0m\n                \u001b[36m</option>\u001b[39m\n              \u001b[36m</select>\u001b[39m\n            \u001b[36m</label>\u001b[39m\n            \u001b[36m<label>\u001b[39m\n              \u001b[0mDată\u001b[0m\n              \u001b[0m*:\u001b[0m\n              \u001b[36m<input\u001b[39m\n                \u001b[33maria-label\u001b[39m=\u001b[32m\"Dată\"\u001b[39m\n                \u001b[33mname\u001b[39m=\u001b[32m\"date\"\u001b[39m\n                \u001b[33mplaceholder\u001b[39m=\u001b[32m\"Selectează data\"\u001b[39m\n                \u001b[33mtype\u001b[39m=\u001b[32m\"date\"\u001b[39m\n                \u001b[33mvalue\u001b[39m=\u001b[32m\"\"\u001b[39m\n              \u001b[36m/>\u001b[39m\n            \u001b[36m</label>\u001b[39m\n            \u001b[36m<label>\u001b[39m\n              \u001b[36m<input\u001b[39m\n                \u001b[33maria-label\u001b[39m=\u001b[32m\"Recurent\"\u001b[39m\n                \u001b[33mname\u001b[39m=\u001b[32m\"recurring\"\u001b[39m\n                \u001b[33mtype\u001b[39m=\u001b[32m\"checkbox\"\u001b[39m\n              \u001b[36m/>\u001b[39m\n              \u001b[0m \u001b[0m\n              \u001b[0mRecurent\u001b[0m\n              \u001b[0m?\u001b[0m\n            \u001b[36m</label>\u001b[39m\n            \u001b[36m<label>\u001b[39m\n              \u001b[0mFrecvență\u001b[0m\n              \u001b[0m:\u001b[0m\n              \u001b[36m<select\u001b[39m\n                \u001b[33maria-label\u001b[39m=\u001b[32m\"Frecvență\"\u001b[39m\n                \u001b[33mdisabled\u001b[39m=\u001b[32m\"\"\u001b[39m\n                \u001b[33mname\u001b[39m=\u001b[32m\"frequency\"\u001b[39m\n              \u001b[36m>\u001b[39m\n                \u001b[36m<option\u001b[39m\n                  \u001b[33mvalue\u001b[39m=\u001b[32m\"\"\u001b[39m\n                \u001b[36m>\u001b[39m\n                  \u001b[0mAlege\u001b[0m\n                \u001b[36m</option>\u001b[39m\n                \u001b[36m<option\u001b[39m\n                  \u001b[33mvalue\u001b[39m=\u001b[32m\"zilnic\"\u001b[39m\n                \u001b[36m>\u001b[39m\n                  \u001b[0mZilnic\u001b[0m\n                \u001b[36m</option>\u001b[39m\n                \u001b[36m<option\u001b[39m\n                  \u001b[33mvalue\u001b[39m=\u001b[32m\"săptămânal\"\u001b[39m\n                \u001b[36m>\u001b[39m\n                  \u001b[0mSăptămânal\u001b[0m\n                \u001b[36m</option>\u001b[39m\n                \u001b[36m<option\u001b[39m\n                  \u001b[33mvalue\u001b[39m=\u001b[32m\"lunar\"\u001b[39m\n                \u001b[36m>\u001b[39m\n                  \u001b[0mLunar\u001b[0m\n                \u001b[36m</option>\u001b[39m\n                \u001b[36m<option\u001b[39m\n                  \u001b[33mvalue\u001b[39m=\u001b[32m\"anual\"\u001b[39m\n                \u001b[36m>\u001b[39m\n                  \u001b[0mAnual\u001b[0m\n                \u001b[36m</option>\u001b[39m\n              \u001b[36m</select>\u001b[39m\n            \u001b[36m</label>\u001b[39m\n            \u001b[36m<button\u001b[39m\n              \u001b[33mtype\u001b[39m=\u001b[32m\"submit\"\u001b[39m\n            \u001b[36m>\u001b[39m\n              \u001b[0mAdaugă\u001b[0m\n            \u001b[36m</button>\u001b[39m\n            \u001b[36m<span\u001b[39m\n              \u001b[33mdata-testid\u001b[39m=\u001b[32m\"error-message\"\u001b[39m\n              \u001b[33mstyle\u001b[39m=\u001b[32m\"color: red; display: block; margin-top: 8px;\"\u001b[39m\n            \u001b[36m>\u001b[39m\n              \u001b[0mCompletează toate câmpurile obligatorii\u001b[0m\n            \u001b[36m</span>\u001b[39m\n          \u001b[36m</form>\u001b[39m\n          \u001b[36m<div\u001b[39m\n            \u001b[33mstyle\u001b[39m=\u001b[32m\"display: flex; gap: 1rem; margin-bottom: 1rem;\"\u001b[39m\n          \u001b[36m>\u001b[39m\n            \u001b[36m<label>\u001b[39m\n              \u001b[0mTip tranzacție:\u001b[0m\n              \u001b[36m<select>\u001b[39m\n                \u001b[36m<option\u001b[39m\n                  \u001b[33mvalue\u001b[39m=\u001b[32m\"\"\u001b[39m\n                \u001b[36m>\u001b[39m\n                  \u001b[0mAlege\u001b[0m\n                  \u001b[0m tipul\u001b[0m\n                \u001b[36m</option>\u001b[39m\n                \u001b[36m<option\u001b[39m\n                  \u001b[33mvalue\u001b[39m=\u001b[32m\"income\"\u001b[39m\n                \u001b[36m>\u001b[39m\n                  \u001b[0mVenit\u001b[0m\n                \u001b[36m</option>\u001b[39m\n                \u001b[36m<option\u001b[39m\n                  \u001b[33mvalue\u001b[39m=\u001b[32m\"expense\"\u001b[39m\n                \u001b[36m>\u001b[39m\n                  \u001b[0mCheltuială\u001b[0m\n                \u001b[36m</option>\u001b[39m\n                \u001b[36m<option\u001b[39m\n                  \u001b[33mvalue\u001b[39m=\u001b[32m\"saving\"\u001b[39m\n                \u001b[36m>\u001b[39m\n                  \u001b[0mEconomisire\u001b[0m\n                \u001b[36m</option>\u001b[39m\n              \u001b[36m</select>\u001b[39m\n            \u001b[36m</label>\u001b[39m\n            \u001b[36m<label>\u001b[39m\n              \u001b[0mCategoria:\u001b[0m\n              \u001b[36m<select>\u001b[39m\n                \u001b[36m<option\u001b[39m\n                  \u001b[33mvalue\u001b[39m=\u001b[32m\"\"\u001b[39m\n                \u001b[36m>\u001b[39m\n                  \u001b[0mAlege\u001b[0m\n                  \u001b[0m categoria\u001b[0m\n                \u001b[36m</option>\u001b[39m\n                \u001b[36m<option\u001b[39m\n                  \u001b[33mvalue\u001b[39m=\u001b[32m\"VENITURI\"\u001b[39m\n                \u001b[36m>\u001b[39m\n                  \u001b[0mVenituri\u001b[0m\n                \u001b[36m</option>\u001b[39m\n                \u001b[36m<option\u001b[39m\n                  \u001b[33mvalue\u001b[39m=\u001b[32m\"CHELTUIELI\"\u001b[39m\n                \u001b[36m>\u001b[39m\n                  \u001b[0mCheltuieli\u001b[0m\n                \u001b[36m</option>\u001b[39m\n                \u001b[36m<option\u001b[39m\n                  \u001b[33mvalue\u001b[39m=\u001b[32m\"ECONOMII\"\u001b[39m\n                \u001b[36m>\u001b[39m\n                  \u001b[0mEconomii\u001b[0m\n                \u001b[36m</option>\u001b[39m\n              \u001b[36m</select>\u001b[39m\n            \u001b[36m</label>\u001b[39m\n          \u001b[36m</div>\u001b[39m\n          \u001b[36m<div\u001b[39m\n            \u001b[33mstyle\u001b[39m=\u001b[32m\"margin-top: 24px;\"\u001b[39m\n          \u001b[36m>\u001b[39m\n            \u001b[36m<table\u001b[39m\n              \u001b[33mstyle\u001b[39m=\u001b[32m\"width: 100%; border-collapse: collapse;\"\u001b[39m\n            \u001b[36m>\u001b[39m\n              \u001b[36m<thead>\u001b[39m\n                \u001b[36m<tr>\u001b[39m\n                  \u001b[36m<th>\u001b[39m\n                    \u001b[0mTip\u001b[0m\n                  \u001b[36m</th>\u001b[39m\n                  \u001b[36m<th>\u001b[39m\n                    \u001b[0mSumă\u001b[0m\n                  \u001b[36m</th>\u001b[39m\n                  \u001b[36m<th>\u001b[39m\n                    \u001b[0mMonedă\u001b[0m\n                  \u001b[36m</th>\u001b[39m\n                  \u001b[36m<th>\u001b[39m\n                    \u001b[0mCategorie\u001b[0m\n                  \u001b[36m</th>\u001b[39m\n                  \u001b[36m<th>\u001b[39m\n                    \u001b[0mSubcategorie\u001b[0m\n                  \u001b[36m</th>\u001b[39m\n                  \u001b[36m<th>\u001b[39m\n                    \u001b[0mDată\u001b[0m\n                  \u001b[36m</th>\u001b[39m\n                  \u001b[36m<th>\u001b[39m\n                    \u001b[0mRecurent\u001b[0m\n                  \u001b[36m</th>\u001b[39m\n                  \u001b[36m<th>\u001b[39m\n                    \u001b[0mFrecvență\u001b[0m\n                  \u001b[36m</th>\u001b[39m\n                \u001b[36m</tr>\u001b[39m\n              \u001b[36m</thead>\u001b[39m\n              \u001b[36m<tbody>\u001b[39m\n                \u001b[36m<tr>\u001b[39m\n                  \u001b[36m<td>\u001b[39m\n                    \u001b[0mincome\u001b[0m\n                  \u001b[36m</td>\u001b[39m\n                  \u001b[36m<td>\u001b[39m\n                    \u001b[0m100\u001b[0m\n                  \u001b[36m</td>\u001b[39m\n                  \u001b[36m<td>\u001b[39m\n                    \u001b[0mRON\u001b[0m\n                  \u001b[36m</td>\u001b[39m\n                  \u001b[36m<td>\u001b[39m\n                    \u001b[0mVENITURI\u001b[0m\n                  \u001b[36m</td>\u001b[39m\n                  \u001b[36m<td />\u001b[39m\n                  \u001b[36m<td>\u001b[39m\n                    \u001b[0m2025-04-22\u001b[0m\n                  \u001b[36m</td>\u001b[39m\n                  \u001b[36m<td>\u001b[39m\n                    \u001b[0mNu\u001b[0m\n                  \u001b[36m</td>\u001b[39m\n                  \u001b[36m<td />\u001b[39m\n                \u001b[36m</tr>\u001b[39m\n              \u001b[36m</tbody>\u001b[39m\n            \u001b[36m</table>\u001b[39m\n            \u001b[36m<div\u001b[39m\n              \u001b[33mstyle\u001b[39m=\u001b[32m\"margin-top: 16px; display: flex; gap: 8px; align-items: center;\"\u001b[39m\n            \u001b[36m>\u001b[39m\n              \u001b[36m<button\u001b[39m\n                \u001b[33mdisabled\u001b[39m=\u001b[32m\"\"\u001b[39m\n              \u001b[36m>\u001b[39m\n                \u001b[0mÎnapoi\u001b[0m\n              \u001b[36m</button>\u001b[39m\n              \u001b[36m<span>\u001b[39m\n                \u001b[0mPagina 1 din 1\u001b[0m\n              \u001b[36m</span>\u001b[39m\n              \u001b[36m<button\u001b[39m\n                \u001b[33mdisabled\u001b[39m=\u001b[32m\"\"\u001b[39m\n              \u001b[36m>\u001b[39m\n                \u001b[0mÎnainte\u001b[0m\n              \u001b[36m</button>\u001b[39m\n            \u001b[36m</div>\u001b[39m\n          \u001b[36m</div>\u001b[39m\n        \u001b[36m</div>\u001b[39m\n      \u001b[36m</div>\u001b[39m\n    \u001b[36m</body>\u001b[39m\n\u001b[2m\u001b[22m\n\u001b[2m    \u001b[0m \u001b[90m 350 |\u001b[39m\u001b[22m\n\u001b[2m     \u001b[90m 351 |\u001b[39m     \u001b[90m// Așteaptă apariția mesajului de eroare specific\u001b[39m\u001b[22m\n\u001b[2m    \u001b[31m\u001b[1m>\u001b[22m\u001b[2m\u001b[39m\u001b[90m 352 |\u001b[39m     \u001b[36mawait\u001b[39m waitFor(() \u001b[33m=>\u001b[39m {\u001b[22m\n\u001b[2m     \u001b[90m     |\u001b[39m                  \u001b[31m\u001b[1m^\u001b[22m\u001b[2m\u001b[39m\u001b[22m\n\u001b[2m     \u001b[90m 353 |\u001b[39m       \u001b[90m// Mesajul de eroare trebuie să corespundă exact cu cel din implementare\u001b[39m\u001b[22m\n\u001b[2m     \u001b[90m 354 |\u001b[39m       expect(screen\u001b[33m.\u001b[39mgetByText(\u001b[33mMESAJE\u001b[39m\u001b[33m.\u001b[39m\u001b[33mFRECV_RECURENTA\u001b[39m))\u001b[33m.\u001b[39mtoBeInTheDocument()\u001b[33m;\u001b[39m\u001b[22m\n\u001b[2m     \u001b[90m 355 |\u001b[39m     })\u001b[33m;\u001b[39m \u001b[90m// vezi App.tsx -> handleFormSubmit\u001b[39m\u001b[0m\u001b[22m\n\u001b[2m\u001b[22m\n\u001b[2m      \u001b[2mat waitForWrapper (\u001b[22m\u001b[2m../node_modules/@testing-library/dom/dist/wait-for.js\u001b[2m:163:27)\u001b[22m\u001b[2m\u001b[22m\n\u001b[2m      \u001b[2mat Object.<anonymous> (\u001b[22m\u001b[2m\u001b[0m\u001b[36msrc/App.test.tsx\u001b[39m\u001b[0m\u001b[2m:352:18)\u001b[22m\u001b[2m\u001b[22m\n","name":"C:\\Users\\abere\\CascadeProjects\\budget-app\\frontend\\src\\App.test.tsx","startTime":1745494034154,"status":"failed","summary":""},{"assertionResults":[{"ancestorTitles":["TransactionForm"],"duration":150,"failureDetails":[],"failureMessages":[],"fullName":"TransactionForm afișează toate câmpurile obligatorii","invocations":1,"location":null,"numPassingAsserts":7,"retryReasons":[],"status":"passed","title":"afișează toate câmpurile obligatorii"},{"ancestorTitles":["TransactionForm"],"duration":14,"failureDetails":[],"failureMessages":[],"fullName":"TransactionForm nu afișează opțiunea Transfer la Tip","invocations":1,"location":null,"numPassingAsserts":1,"retryReasons":[],"status":"passed","title":"nu afișează opțiunea Transfer la Tip"},{"ancestorTitles":["TransactionForm"],"duration":28,"failureDetails":[],"failureMessages":[],"fullName":"TransactionForm afișează doar placeholderul \"Alege\" la Tip când nu este selectat nimic","invocations":1,"location":null,"numPassingAsserts":4,"retryReasons":[],"status":"passed","title":"afișează doar placeholderul \"Alege\" la Tip când nu este selectat nimic"},{"ancestorTitles":["TransactionForm"],"duration":29,"failureDetails":[],"failureMessages":[],"fullName":"TransactionForm nu permite alegerea categoriei dacă tipul nu este selectat","invocations":1,"location":null,"numPassingAsserts":1,"retryReasons":[],"status":"passed","title":"nu permite alegerea categoriei dacă tipul nu este selectat"},{"ancestorTitles":["TransactionForm"],"duration":10,"failureDetails":[],"failureMessages":[],"fullName":"TransactionForm afișează doar VENITURI la categorie dacă tipul este Venit","invocations":1,"location":null,"numPassingAsserts":3,"retryReasons":[],"status":"passed","title":"afișează doar VENITURI la categorie dacă tipul este Venit"},{"ancestorTitles":["TransactionForm"],"duration":11,"failureDetails":[],"failureMessages":[],"fullName":"TransactionForm afișează doar CHELTUIELI la categorie dacă tipul este Cheltuială","invocations":1,"location":null,"numPassingAsserts":3,"retryReasons":[],"status":"passed","title":"afișează doar CHELTUIELI la categorie dacă tipul este Cheltuială"},{"ancestorTitles":["TransactionForm"],"duration":9,"failureDetails":[],"failureMessages":[],"fullName":"TransactionForm afișează doar ECONOMII la categorie dacă tipul este Economisire","invocations":1,"location":null,"numPassingAsserts":3,"retryReasons":[],"status":"passed","title":"afișează doar ECONOMII la categorie dacă tipul este Economisire"},{"ancestorTitles":["TransactionForm"],"duration":8,"failureDetails":[],"failureMessages":[],"fullName":"TransactionForm nu permite alegerea subcategoriei dacă nu este selectată categoria","invocations":1,"location":null,"numPassingAsserts":1,"retryReasons":[],"status":"passed","title":"nu permite alegerea subcategoriei dacă nu este selectată categoria"},{"ancestorTitles":["TransactionForm"],"duration":187,"failureDetails":[],"failureMessages":[],"fullName":"TransactionForm afișează TOATE subcategoriile corecte pentru VENITURI","invocations":1,"location":null,"numPassingAsserts":12,"retryReasons":[],"status":"passed","title":"afișează TOATE subcategoriile corecte pentru VENITURI"},{"ancestorTitles":["TransactionForm"],"duration":42,"failureDetails":[],"failureMessages":[],"fullName":"TransactionForm afișează TOATE subcategoriile corecte pentru ECONOMII","invocations":1,"location":null,"numPassingAsserts":6,"retryReasons":[],"status":"passed","title":"afișează TOATE subcategoriile corecte pentru ECONOMII"},{"ancestorTitles":["TransactionForm"],"duration":7652,"failureDetails":[],"failureMessages":[],"fullName":"TransactionForm afișează TOATE subcategoriile corecte pentru CHELTUIELI","invocations":1,"location":null,"numPassingAsserts":100,"retryReasons":[],"status":"passed","title":"afișează TOATE subcategoriile corecte pentru CHELTUIELI"},{"ancestorTitles":["TransactionForm"],"duration":15,"failureDetails":[],"failureMessages":[],"fullName":"TransactionForm nu permite selectarea unei categorii incompatibile cu tipul","invocations":1,"location":null,"numPassingAsserts":1,"retryReasons":[],"status":"passed","title":"nu permite selectarea unei categorii incompatibile cu tipul"},{"ancestorTitles":["TransactionForm"],"duration":8,"failureDetails":[],"failureMessages":[],"fullName":"TransactionForm nu permite selectarea unei subcategorii incompatibile cu categoria","invocations":1,"location":null,"numPassingAsserts":1,"retryReasons":[],"status":"passed","title":"nu permite selectarea unei subcategorii incompatibile cu categoria"},{"ancestorTitles":["TransactionForm"],"duration":6,"failureDetails":[],"failureMessages":[],"fullName":"TransactionForm shows error and success messages","invocations":1,"location":null,"numPassingAsserts":2,"retryReasons":[],"status":"passed","title":"shows error and success messages"},{"ancestorTitles":["TransactionForm"],"duration":8,"failureDetails":[],"failureMessages":[],"fullName":"TransactionForm renders initial type value from props","invocations":1,"location":null,"numPassingAsserts":1,"retryReasons":[],"status":"passed","title":"renders initial type value from props"},{"ancestorTitles":["TransactionForm"],"duration":8,"failureDetails":[],"failureMessages":[],"fullName":"TransactionForm redă valorile inițiale pentru categorie și subcategorie din props","invocations":1,"location":null,"numPassingAsserts":2,"retryReasons":[],"status":"passed","title":"redă valorile inițiale pentru categorie și subcategorie din props"},{"ancestorTitles":["TransactionForm"],"duration":11,"failureDetails":[],"failureMessages":[],"fullName":"TransactionForm renders initial amount value from props","invocations":1,"location":null,"numPassingAsserts":1,"retryReasons":[],"status":"passed","title":"renders initial amount value from props"},{"ancestorTitles":["TransactionForm"],"duration":11,"failureDetails":[],"failureMessages":[],"fullName":"TransactionForm renders initial date value from props","invocations":1,"location":null,"numPassingAsserts":1,"retryReasons":[],"status":"passed","title":"renders initial date value from props"},{"ancestorTitles":["TransactionForm"],"duration":16,"failureDetails":[],"failureMessages":[],"fullName":"TransactionForm renders initial recurring state from props","invocations":1,"location":null,"numPassingAsserts":1,"retryReasons":[],"status":"passed","title":"renders initial recurring state from props"},{"ancestorTitles":["TransactionForm"],"duration":16,"failureDetails":[],"failureMessages":[],"fullName":"TransactionForm renders initial frequency value from props when recurring is true","invocations":1,"location":null,"numPassingAsserts":1,"retryReasons":[],"status":"passed","title":"renders initial frequency value from props when recurring is true"},{"ancestorTitles":["TransactionForm"],"duration":13,"failureDetails":[],"failureMessages":[],"fullName":"TransactionForm shows frequency field only when recurring is checked","invocations":1,"location":null,"numPassingAsserts":3,"retryReasons":[],"status":"passed","title":"shows frequency field only when recurring is checked"},{"ancestorTitles":["TransactionForm"],"duration":13,"failureDetails":[],"failureMessages":[],"fullName":"TransactionForm calls onChange and onSubmit handlers","invocations":1,"location":null,"numPassingAsserts":2,"retryReasons":[],"status":"passed","title":"calls onChange and onSubmit handlers"}],"endTime":1745494045398,"message":"","name":"C:\\Users\\abere\\CascadeProjects\\budget-app\\frontend\\src\\components\\TransactionForm\\TransactionForm.test.tsx","startTime":1745494034621,"status":"passed","summary":""}],"wasInterrupted":false}
